Start testing: Aug 01 13:54 MDT
----------------------------------------------------------
1/8 Testing: test_chaos
1/8 Test: test_chaos
Command: "/bin/sh" "/home/edwin/Documents/GNURadio/gr-chaos/build/lib/test_chaos_test.sh"
Directory: /home/edwin/Documents/GNURadio/gr-chaos/build/lib
"test_chaos" start time: Aug 01 13:54 MDT
Output:
----------------------------------------------------------


<end of output>
Test time =   0.00 sec
----------------------------------------------------------
Test Passed.
"test_chaos" end time: Aug 01 13:54 MDT
"test_chaos" time elapsed: 00:00:00
----------------------------------------------------------

2/8 Testing: qa_chaotic_seq_source_f
2/8 Test: qa_chaotic_seq_source_f
Command: "/bin/sh" "/home/edwin/Documents/GNURadio/gr-chaos/build/python/qa_chaotic_seq_source_f_test.sh"
Directory: /home/edwin/Documents/GNURadio/gr-chaos/build/python
"qa_chaotic_seq_source_f" start time: Aug 01 13:54 MDT
Output:
----------------------------------------------------------
...
----------------------------------------------------------------------
Ran 3 tests in 0.006s

OK
<end of output>
Test time =   0.19 sec
----------------------------------------------------------
Test Passed.
"qa_chaotic_seq_source_f" end time: Aug 01 13:54 MDT
"qa_chaotic_seq_source_f" time elapsed: 00:00:00
----------------------------------------------------------

3/8 Testing: qa_CPM_cf
3/8 Test: qa_CPM_cf
Command: "/bin/sh" "/home/edwin/Documents/GNURadio/gr-chaos/build/python/qa_CPM_cf_test.sh"
Directory: /home/edwin/Documents/GNURadio/gr-chaos/build/python
"qa_CPM_cf" start time: Aug 01 13:54 MDT
Output:
----------------------------------------------------------
.
----------------------------------------------------------------------
Ran 1 test in 0.002s

OK
<end of output>
Test time =   0.17 sec
----------------------------------------------------------
Test Passed.
"qa_CPM_cf" end time: Aug 01 13:54 MDT
"qa_CPM_cf" time elapsed: 00:00:00
----------------------------------------------------------

4/8 Testing: qa_CPM_demod_fc
4/8 Test: qa_CPM_demod_fc
Command: "/bin/sh" "/home/edwin/Documents/GNURadio/gr-chaos/build/python/qa_CPM_demod_fc_test.sh"
Directory: /home/edwin/Documents/GNURadio/gr-chaos/build/python
"qa_CPM_demod_fc" start time: Aug 01 13:54 MDT
Output:
----------------------------------------------------------
.
----------------------------------------------------------------------
Ran 1 test in 0.002s

OK
<end of output>
Test time =   0.17 sec
----------------------------------------------------------
Test Passed.
"qa_CPM_demod_fc" end time: Aug 01 13:54 MDT
"qa_CPM_demod_fc" time elapsed: 00:00:00
----------------------------------------------------------

5/8 Testing: qa_CPM2_cf
5/8 Test: qa_CPM2_cf
Command: "/bin/sh" "/home/edwin/Documents/GNURadio/gr-chaos/build/python/qa_CPM2_cf_test.sh"
Directory: /home/edwin/Documents/GNURadio/gr-chaos/build/python
"qa_CPM2_cf" start time: Aug 01 13:54 MDT
Output:
----------------------------------------------------------
.
----------------------------------------------------------------------
Ran 1 test in 0.000s

OK
<end of output>
Test time =   0.18 sec
----------------------------------------------------------
Test Passed.
"qa_CPM2_cf" end time: Aug 01 13:54 MDT
"qa_CPM2_cf" time elapsed: 00:00:00
----------------------------------------------------------

6/8 Testing: qa_DCSK_mod_cc
6/8 Test: qa_DCSK_mod_cc
Command: "/bin/sh" "/home/edwin/Documents/GNURadio/gr-chaos/build/python/qa_DCSK_mod_cc_test.sh"
Directory: /home/edwin/Documents/GNURadio/gr-chaos/build/python
"qa_DCSK_mod_cc" start time: Aug 01 13:54 MDT
Output:
----------------------------------------------------------
.
----------------------------------------------------------------------
Ran 1 test in 0.002s

OK
((-0.41083553433418274-2.7237051725137462e-08j), (1-6.167365995679575e-08j), (-0.5891644954681396+8.891071701100373e-08j), (-0.41083553433418274-2.7237051725137462e-08j), (1-6.167365995679575e-08j), (-0.5891644954681396+8.891071701100373e-08j), (-0.41083553433418274-2.7237051725137462e-08j), (1-6.167365995679575e-08j), (-0.5891644954681396+8.891071701100373e-08j), (0.41083553433418274+2.7237051725137462e-08j), (-1+6.167365995679575e-08j), (0.5891644954681396-8.891071701100373e-08j))
((-0.41083553433418274-2.7237051725137462e-08j), (1-6.167365995679575e-08j), (-0.5891644954681396+8.891071701100373e-08j), (-0.41083553433418274-2.7237051725137462e-08j), (1-6.167365995679575e-08j), (-0.5891644954681396+8.891071701100373e-08j), (-0.41083553433418274-2.7237051725137462e-08j), (1-6.167365995679575e-08j), (-0.5891644954681396+8.891071701100373e-08j), (0.41083553433418274+2.7237051725137462e-08j), (-1+6.167365995679575e-08j), (0.5891644954681396-8.891071701100373e-08j))
<end of output>
Test time =   0.17 sec
----------------------------------------------------------
Test Passed.
"qa_DCSK_mod_cc" end time: Aug 01 13:54 MDT
"qa_DCSK_mod_cc" time elapsed: 00:00:00
----------------------------------------------------------

7/8 Testing: qa_DCSK_demod_cc
7/8 Test: qa_DCSK_demod_cc
Command: "/bin/sh" "/home/edwin/Documents/GNURadio/gr-chaos/build/python/qa_DCSK_demod_cc_test.sh"
Directory: /home/edwin/Documents/GNURadio/gr-chaos/build/python
"qa_DCSK_demod_cc" start time: Aug 01 13:54 MDT
Output:
----------------------------------------------------------
.
----------------------------------------------------------------------
Ran 1 test in 0.000s

OK
<end of output>
Test time =   0.16 sec
----------------------------------------------------------
Test Passed.
"qa_DCSK_demod_cc" end time: Aug 01 13:54 MDT
"qa_DCSK_demod_cc" time elapsed: 00:00:00
----------------------------------------------------------

8/8 Testing: qa_CPM2_demod_fc
8/8 Test: qa_CPM2_demod_fc
Command: "/bin/sh" "/home/edwin/Documents/GNURadio/gr-chaos/build/python/qa_CPM2_demod_fc_test.sh"
Directory: /home/edwin/Documents/GNURadio/gr-chaos/build/python
"qa_CPM2_demod_fc" start time: Aug 01 13:54 MDT
Output:
----------------------------------------------------------
.
----------------------------------------------------------------------
Ran 1 test in 0.000s

OK
<end of output>
Test time =   0.17 sec
----------------------------------------------------------
Test Passed.
"qa_CPM2_demod_fc" end time: Aug 01 13:54 MDT
"qa_CPM2_demod_fc" time elapsed: 00:00:00
----------------------------------------------------------

End testing: Aug 01 13:54 MDT
