Start testing: Oct 27 15:56 MDT
----------------------------------------------------------
6/6 Testing: qa_DCSK_mod_cc
6/6 Test: qa_DCSK_mod_cc
Command: "/bin/sh" "/home/edwin/Documents/GNURadio/gr-chaos/python/qa_DCSK_mod_cc_test.sh"
Directory: /home/edwin/Documents/GNURadio/gr-chaos/python
"qa_DCSK_mod_cc" start time: Oct 27 15:56 MDT
Output:
----------------------------------------------------------
.
----------------------------------------------------------------------
Ran 1 test in 0.002s

OK
((-0.41083547472953796+0j), (1+0j), (-0.5891645550727844+0j), (-0.41083547472953796+0j), (1+0j), (-0.5891645550727844+0j), (-0.41083547472953796+0j), (1+0j), (-0.5891645550727844+0j), (0.41083547472953796-0j), (-1-0j), (0.5891645550727844-0j))
((-0.41083547472953796+0j), (1+0j), (-0.5891645550727844+0j), (-0.41083547472953796+0j), (1+0j), (-0.5891645550727844+0j), (-0.41083547472953796+0j), (1+0j), (-0.5891645550727844+0j), (0.41083547472953796-0j), (-1-0j), (0.5891645550727844-0j))
<end of output>
Test time =   0.18 sec
----------------------------------------------------------
Test Passed.
"qa_DCSK_mod_cc" end time: Oct 27 15:56 MDT
"qa_DCSK_mod_cc" time elapsed: 00:00:00
----------------------------------------------------------

End testing: Oct 27 15:56 MDT
